
Jul 30 22:45 [OII7319pv4.fits[*,7:9]]: 
    center      cont      flux       eqw      core     gfwhm     lfwhm
  58.09102 4.765E-19 7.586E-17    -159.2 3.967E-18     17.96        0.
  80.71712 3.642E-19 3.473E-17    -95.36 2.288E-18     14.26        0.
  102.2159 2.575E-19 1.551E-16    -602.2 8.623E-18      16.9        0.

Jul 30 22:48 [OII7319pv4.fits[*,14:16]]: 
  27.97377 6.391E-19 5.735E-17    -89.73 3.203E-18     16.82        0.
  71.01802 5.382E-19 2.453E-16    -455.7 1.130E-17     20.38        0.
  105.8586 4.565E-19 8.373E-17    -183.4 4.596E-18     17.12        0.

Aug 14 19:08 [OI7774pv4.fits[*,14:16]]: 
    center      cont      flux       eqw      core     gfwhm     lfwhm
  60.09906 4.502E-19 3.623E-17    -80.48 2.243E-18     15.17        0.
   102.033 4.566E-19 3.534E-17     -77.4 2.055E-18     16.15        0.

Aug 14 19:09 [OI7774pv4.fits[*,14:16]]: 

Aug 23 23:50 [OI7775pv4.fits[*,15:17]]: 
    center      cont      flux       eqw      core     gfwhm     lfwhm
  14.73071 6.710E-19 3.652E-17    -54.43 2.193E-18     15.65        0.
  55.65049 3.438E-19 4.729E-17    -137.5 1.821E-18      24.4        0.
   96.5018 1.719E-20 1.280E-17    -744.3 6.431E-19     18.69        0.

Aug 24  0:09 [sumNeII3568_3694pv4.fits[*,15:17]]:         
  58.19152 1.079E-19 1.497E-17    -138.7 1.469E-18     9.571        0.
  92.05321 4.919E-20 2.924E-17    -594.5 1.938E-18     14.18        0.

Aug 24  0:10 [sumNeII3568_3694pv4.fits[*,15:17]]:         
  57.89762 -8.43E-19 4.918E-17     INDEF 1.995E-18     23.16        0.
  91.94534 -1.26E-18 7.501E-17     INDEF 3.109E-18     22.67        0.

Aug 24  0:22 [NIII4379pv4.fits[*,14:16]]: 
  65.43517 -4.26E-19 3.726E-17     INDEF 1.534E-18     22.82        0.
  99.33308 -4.16E-19 3.662E-17     INDEF 9.431E-19     36.48        0.

Aug 24  0:26 [NIII4379sv4.fits[*,15:17]]: 
  70.21221 2.551E-20 1.420E-17    -556.6 1.225E-18     10.89        0.
  83.39579 1.235E-20 4.738E-17    -3837. 6.878E-19     64.72        0.

Aug 24  0:27 [NIII4379sv4.fits[*,14:16]]: 
  69.05132 -2.19E-19 1.530E-17     INDEF 1.143E-18     12.57        0.
  90.97234 -2.84E-19 6.822E-17     INDEF 7.527E-19     85.14        0.

Aug 24  1:03 [OII7319pv4.fits[*,15:17]]: 
  30.53102 6.041E-19 8.530E-17    -141.2 4.190E-18     19.12        0.
  73.36073 5.748E-19 3.306E-16    -575.2 1.398E-17     22.22        0.
  103.6381 5.541E-19 9.439E-17    -170.3 5.213E-18     17.01        0.

Aug 24  1:05 [OII7319sv4.fits[*,15:17]]: 
  28.33069 3.518E-19 1.017E-16    -289.1 4.271E-18     22.37        0.
    70.674 3.783E-19 3.353E-16    -886.3 1.405E-17     22.42        0.
  100.6821 3.971E-19 1.008E-16    -253.7 5.075E-18     18.65        0.

Aug 24  1:16 [OII7330pv4.fits[*,15:17]]: 

Nov  8  0:52 [OIII4959pv4.fits[*,15:17]]: 
    center      cont      flux       eqw      core     gfwhm     lfwhm

Nov  8  0:56 [OIII4959pv4.fits[*,16:18]]: 
    center      cont      flux       eqw      core     gfwhm     lfwhm
